2026-02-08 18:03:46 [error]: Invalid credentials
2026-02-08 18:04:59 [error]: Error: "expiresIn" should be a number of seconds or string representing a timespan
    at /Users/binayadai/Documents/techaxis/express-004/node_modules/jsonwebtoken/sign.js:56:15
    at Array.forEach (<anonymous>)
    at validate (/Users/binayadai/Documents/techaxis/express-004/node_modules/jsonwebtoken/sign.js:47:6)
    at validateOptions (/Users/binayadai/Documents/techaxis/express-004/node_modules/jsonwebtoken/sign.js:62:10)
    at module.exports [as sign] (/Users/binayadai/Documents/techaxis/express-004/node_modules/jsonwebtoken/sign.js:171:5)
    at generateAccessToken (file:///Users/binayadai/Documents/techaxis/express-004/utils/jwt.js:11:16)
    at login (file:///Users/binayadai/Documents/techaxis/express-004/controller/auth.js:39:29)
2026-02-08 18:16:16 [error]: TypeError: Model.findByIdss is not a function
    at getAllPortfolios (file:///Users/binayadai/Documents/techaxis/express-004/controller/portfolios.js:6:38)
    at Layer.handleRequest (/Users/binayadai/Documents/techaxis/express-004/node_modules/router/lib/layer.js:152:17)
    at next (/Users/binayadai/Documents/techaxis/express-004/node_modules/router/lib/route.js:157:13)
    at Route.dispatch (/Users/binayadai/Documents/techaxis/express-004/node_modules/router/lib/route.js:117:3)
    at handle (/Users/binayadai/Documents/techaxis/express-004/node_modules/router/index.js:435:11)
    at Layer.handleRequest (/Users/binayadai/Documents/techaxis/express-004/node_modules/router/lib/layer.js:152:17)
    at /Users/binayadai/Documents/techaxis/express-004/node_modules/router/index.js:295:15
    at processParams (/Users/binayadai/Documents/techaxis/express-004/node_modules/router/index.js:582:12)
    at next (/Users/binayadai/Documents/techaxis/express-004/node_modules/router/index.js:291:5)
    at router.handle (/Users/binayadai/Documents/techaxis/express-004/node_modules/router/index.js:186:3)
2026-02-19 18:12:28 [error]: Invalid credentials
2026-02-19 18:12:43 [error]: Invalid credentials
2026-02-19 18:13:06 [error]: Invalid credentials
2026-02-19 18:13:57 [error]: Invalid credentials
2026-02-19 18:14:06 [error]: Invalid credentials
2026-02-19 18:14:27 [error]: Invalid credentials
2026-02-19 18:15:36 [error]: Invalid credentials
2026-02-27 17:32:38 [error]: Invalid credentials
2026-02-27 17:32:44 [error]: Invalid credentials
2026-02-27 17:32:48 [error]: Invalid credentials
2026-02-27 17:42:07 [error]: TypeError: Model.findByIdss is not a function
    at getAllPortfolios (file:///Users/binayadai/Documents/techaxis/express-004/controller/portfolios.js:6:38)
    at Layer.handleRequest (/Users/binayadai/Documents/techaxis/express-004/node_modules/router/lib/layer.js:152:17)
    at next (/Users/binayadai/Documents/techaxis/express-004/node_modules/router/lib/route.js:157:13)
    at Route.dispatch (/Users/binayadai/Documents/techaxis/express-004/node_modules/router/lib/route.js:117:3)
    at handle (/Users/binayadai/Documents/techaxis/express-004/node_modules/router/index.js:435:11)
    at Layer.handleRequest (/Users/binayadai/Documents/techaxis/express-004/node_modules/router/lib/layer.js:152:17)
    at /Users/binayadai/Documents/techaxis/express-004/node_modules/router/index.js:295:15
    at processParams (/Users/binayadai/Documents/techaxis/express-004/node_modules/router/index.js:582:12)
    at next (/Users/binayadai/Documents/techaxis/express-004/node_modules/router/index.js:291:5)
    at router.handle (/Users/binayadai/Documents/techaxis/express-004/node_modules/router/index.js:186:3)
2026-02-27 17:42:10 [error]: TypeError: Model.findByIdss is not a function
    at getAllPortfolios (file:///Users/binayadai/Documents/techaxis/express-004/controller/portfolios.js:6:38)
    at Layer.handleRequest (/Users/binayadai/Documents/techaxis/express-004/node_modules/router/lib/layer.js:152:17)
    at next (/Users/binayadai/Documents/techaxis/express-004/node_modules/router/lib/route.js:157:13)
    at Route.dispatch (/Users/binayadai/Documents/techaxis/express-004/node_modules/router/lib/route.js:117:3)
    at handle (/Users/binayadai/Documents/techaxis/express-004/node_modules/router/index.js:435:11)
    at Layer.handleRequest (/Users/binayadai/Documents/techaxis/express-004/node_modules/router/lib/layer.js:152:17)
    at /Users/binayadai/Documents/techaxis/express-004/node_modules/router/index.js:295:15
    at processParams (/Users/binayadai/Documents/techaxis/express-004/node_modules/router/index.js:582:12)
    at next (/Users/binayadai/Documents/techaxis/express-004/node_modules/router/index.js:291:5)
    at router.handle (/Users/binayadai/Documents/techaxis/express-004/node_modules/router/index.js:186:3)
2026-02-27 17:42:51 [error]: TypeError: Model.findByIdss is not a function
    at getAllPortfolios (file:///Users/binayadai/Documents/techaxis/express-004/controller/portfolios.js:6:38)
    at Layer.handleRequest (/Users/binayadai/Documents/techaxis/express-004/node_modules/router/lib/layer.js:152:17)
    at next (/Users/binayadai/Documents/techaxis/express-004/node_modules/router/lib/route.js:157:13)
    at Route.dispatch (/Users/binayadai/Documents/techaxis/express-004/node_modules/router/lib/route.js:117:3)
    at handle (/Users/binayadai/Documents/techaxis/express-004/node_modules/router/index.js:435:11)
    at Layer.handleRequest (/Users/binayadai/Documents/techaxis/express-004/node_modules/router/lib/layer.js:152:17)
    at /Users/binayadai/Documents/techaxis/express-004/node_modules/router/index.js:295:15
    at processParams (/Users/binayadai/Documents/techaxis/express-004/node_modules/router/index.js:582:12)
    at next (/Users/binayadai/Documents/techaxis/express-004/node_modules/router/index.js:291:5)
    at router.handle (/Users/binayadai/Documents/techaxis/express-004/node_modules/router/index.js:186:3)
2026-02-27 18:24:03 [error]: TokenExpiredError: jwt expired
    at /Users/binayadai/Documents/techaxis/express-004/node_modules/jsonwebtoken/verify.js:190:21
    at getSecret (/Users/binayadai/Documents/techaxis/express-004/node_modules/jsonwebtoken/verify.js:97:14)
    at module.exports [as verify] (/Users/binayadai/Documents/techaxis/express-004/node_modules/jsonwebtoken/verify.js:101:10)
    at auth (file:///Users/binayadai/Documents/techaxis/express-004/middleware/auth.js:13:29)
    at Layer.handleRequest (/Users/binayadai/Documents/techaxis/express-004/node_modules/router/lib/layer.js:152:17)
    at next (/Users/binayadai/Documents/techaxis/express-004/node_modules/router/lib/route.js:157:13)
    at Route.dispatch (/Users/binayadai/Documents/techaxis/express-004/node_modules/router/lib/route.js:117:3)
    at handle (/Users/binayadai/Documents/techaxis/express-004/node_modules/router/index.js:435:11)
    at Layer.handleRequest (/Users/binayadai/Documents/techaxis/express-004/node_modules/router/lib/layer.js:152:17)
    at /Users/binayadai/Documents/techaxis/express-004/node_modules/router/index.js:295:15
2026-03-09 17:37:44 [error]: Invalid credentials
2026-03-09 17:37:48 [error]: Invalid credentials
2026-03-09 17:37:51 [error]: Invalid credentials
2026-03-09 17:37:54 [error]: Invalid credentials
2026-03-09 18:11:39 [error]: Token not found for user
2026-03-09 18:12:00 [error]: Token not found for user
